<?xml version="1.0" encoding="UTF-8"?>
<testng-results ignored="0" total="1" passed="1" failed="0" skipped="0">
  <reporter-output>
  </reporter-output>
  <suite started-at="2025-05-27T22:52:36 EET" name="Surefire suite" finished-at="2025-05-27T22:52:53 EET" duration-ms="17577">
    <groups>
    </groups>
    <test started-at="2025-05-27T22:52:36 EET" name="Surefire test" finished-at="2025-05-27T22:52:53 EET" duration-ms="17577">
      <class name="com.qaautomation.tests.TextBoxTest">
        <test-method is-config="true" signature="setup(java.lang.String)[pri:0, instance:com.qaautomation.tests.TextBoxTest@563e4951]" started-at="2025-05-27T22:52:36 EET" name="setup" finished-at="2025-05-27T22:52:41 EET" duration-ms="5776" status="PASS">
          <params>
            <param index="0">
              <value>
                <![CDATA[chrome]]>
              </value>
            </param>
          </params>
          <reporter-output>
          </reporter-output>
        </test-method> <!-- setup -->
        <test-method signature="fillTextBoxForm()[pri:0, instance:com.qaautomation.tests.TextBoxTest@563e4951]" started-at="2025-05-27T22:52:41 EET" name="fillTextBoxForm" description="Fill and submit the TextBox form" finished-at="2025-05-27T22:52:53 EET" duration-ms="11424" status="PASS">
          <reporter-output>
          </reporter-output>
        </test-method> <!-- fillTextBoxForm -->
        <test-method is-config="true" signature="tearDown()[pri:0, instance:com.qaautomation.tests.TextBoxTest@563e4951]" started-at="2025-05-27T22:52:53 EET" name="tearDown" finished-at="2025-05-27T22:52:53 EET" duration-ms="264" status="PASS">
          <reporter-output>
          </reporter-output>
        </test-method> <!-- tearDown -->
      </class> <!-- com.qaautomation.tests.TextBoxTest -->
    </test> <!-- Surefire test -->
  </suite> <!-- Surefire suite -->
</testng-results>
